2025-01-25 00:07:23,497 - LabelMaker - ERROR - Failed to setup window: name 'MainWindow' is not defined
2025-01-25 00:07:23,497 - LabelMaker - ERROR - Fatal error: name 'MainWindow' is not defined
2025-01-25 00:07:28,603 - LabelMaker - INFO - Application shutting down
2025-01-25 08:04:50,143 - LabelMaker - INFO - Application shutting down
2025-01-25 12:14:17,115 - LabelMaker - WARNING - Skipping invalid barcode: nan
2025-01-25 12:14:17,115 - LabelMaker - WARNING - Skipping invalid barcode: nan
2025-01-25 12:14:17,115 - LabelMaker - WARNING - Skipping invalid barcode: nan
2025-01-25 12:14:17,115 - LabelMaker - WARNING - Skipping invalid barcode: nan
2025-01-25 12:14:17,116 - LabelMaker - WARNING - Skipping invalid barcode: nan
2025-01-25 12:18:58,068 - LabelMaker - INFO - Application shutting down
2025-01-25 12:30:56,354 - LabelMaker - ERROR - Error processing CSV: 'Goods Barcode'
2025-01-25 12:31:46,977 - LabelMaker - INFO - Application shutting down
2025-01-25 12:32:25,220 - LabelMaker - WARNING - Skipping invalid barcode: R-008-COR
2025-01-25 12:32:25,321 - LabelMaker - WARNING - Skipping invalid barcode: B-142-COR
2025-01-25 12:32:25,321 - LabelMaker - WARNING - Skipping invalid barcode: B-134-3PL
2025-01-25 12:32:25,321 - LabelMaker - WARNING - Skipping invalid barcode: B-141-COR
2025-01-25 12:32:25,322 - LabelMaker - WARNING - Skipping invalid barcode: B-143-COR
2025-01-25 12:32:25,322 - LabelMaker - WARNING - Skipping invalid barcode: B-135-3PL
2025-01-25 12:32:25,322 - LabelMaker - WARNING - Skipping invalid barcode: B-133-3PL
2025-01-25 12:32:25,322 - LabelMaker - WARNING - Skipping invalid barcode: B-140-COR
2025-01-25 12:32:26,439 - LabelMaker - WARNING - Skipping invalid barcode: C-049-GFT
2025-01-25 12:32:26,440 - LabelMaker - WARNING - Skipping invalid barcode: C-050-GFT
2025-01-25 12:32:26,776 - LabelMaker - WARNING - Skipping invalid barcode: R-009-COR-01-D7
2025-01-25 12:32:27,508 - LabelMaker - WARNING - Skipping invalid barcode: B-158-COR-01-B4
2025-01-25 12:32:27,531 - LabelMaker - WARNING - Skipping invalid barcode: B-153-COR-01-B4
2025-01-25 12:32:27,555 - LabelMaker - WARNING - Skipping invalid barcode: B-088-COR-01-B4
2025-01-25 12:32:27,578 - LabelMaker - WARNING - Skipping invalid barcode: A-199-COR
2025-01-25 12:32:27,578 - LabelMaker - WARNING - Skipping invalid barcode: A-214-COR-01-B4
2025-01-25 12:32:27,609 - LabelMaker - WARNING - Skipping invalid barcode: A-191-COR
2025-01-25 12:32:27,609 - LabelMaker - WARNING - Skipping invalid barcode: B-146-COR
2025-01-25 12:32:27,609 - LabelMaker - WARNING - Skipping invalid barcode: B-154-COR-01-B4
2025-01-25 12:32:27,657 - LabelMaker - WARNING - Skipping invalid barcode: A-192-COR
2025-01-25 12:32:27,657 - LabelMaker - WARNING - Skipping invalid barcode: A-193-COR
2025-01-25 12:32:27,658 - LabelMaker - WARNING - Skipping invalid barcode: A-232-COR-01-B4
2025-01-25 12:32:27,658 - LabelMaker - WARNING - Skipping invalid barcode: A-198-COR
2025-01-25 12:32:36,406 - LabelMaker - WARNING - Skipping invalid barcode: D-060-COR-01-A7
2025-01-25 12:32:36,406 - LabelMaker - WARNING - Skipping invalid barcode: D-034-COR-02-A7
2025-01-25 12:32:36,407 - LabelMaker - WARNING - Skipping invalid barcode: B-144-COR
2025-01-25 12:32:36,407 - LabelMaker - WARNING - Skipping invalid barcode: A-147-COR-01-B4
2025-01-25 12:32:36,407 - LabelMaker - WARNING - Skipping invalid barcode: R-008-COR-02-B4
2025-01-25 12:32:36,407 - LabelMaker - WARNING - Skipping invalid barcode: B-134-3PL-01-D6
2025-01-25 12:32:36,407 - LabelMaker - WARNING - Skipping invalid barcode: B-152-3PL
2025-01-25 12:32:36,407 - LabelMaker - WARNING - Skipping invalid barcode: B-135-3PL-01-D6
2025-01-25 12:32:36,407 - LabelMaker - WARNING - Skipping invalid barcode: A-225-3PL
2025-01-25 12:32:36,408 - LabelMaker - WARNING - Skipping invalid barcode: R-001-COR-01-D7
2025-01-25 12:32:36,408 - LabelMaker - WARNING - Skipping invalid barcode: R-008-COR-01-D7
2025-01-25 12:32:36,408 - LabelMaker - WARNING - Skipping invalid barcode: M-193-3PL-01-D5
2025-01-25 12:42:48,234 - LabelMaker - INFO - Application shutting down
2025-01-25 13:08:07,622 - LabelMaker - INFO - Application shutting down
2025-01-25 13:09:46,797 - LabelMaker - WARNING - Skipping invalid barcode: R-008-COR
2025-01-25 13:09:46,897 - LabelMaker - WARNING - Skipping invalid barcode: B-142-COR
2025-01-25 13:09:46,897 - LabelMaker - WARNING - Skipping invalid barcode: B-134-3PL
2025-01-25 13:09:46,897 - LabelMaker - WARNING - Skipping invalid barcode: B-141-COR
2025-01-25 13:09:46,898 - LabelMaker - WARNING - Skipping invalid barcode: B-143-COR
2025-01-25 13:09:46,898 - LabelMaker - WARNING - Skipping invalid barcode: B-135-3PL
2025-01-25 13:09:46,898 - LabelMaker - WARNING - Skipping invalid barcode: B-133-3PL
2025-01-25 13:09:46,898 - LabelMaker - WARNING - Skipping invalid barcode: B-140-COR
2025-01-25 13:09:48,005 - LabelMaker - WARNING - Skipping invalid barcode: C-049-GFT
2025-01-25 13:09:48,005 - LabelMaker - WARNING - Skipping invalid barcode: C-050-GFT
2025-01-25 13:09:48,328 - LabelMaker - WARNING - Skipping invalid barcode: R-009-COR-01-D7
2025-01-25 13:09:49,058 - LabelMaker - WARNING - Skipping invalid barcode: B-158-COR-01-B4
2025-01-25 13:09:49,084 - LabelMaker - WARNING - Skipping invalid barcode: B-153-COR-01-B4
2025-01-25 13:09:49,110 - LabelMaker - WARNING - Skipping invalid barcode: B-088-COR-01-B4
2025-01-25 13:09:49,136 - LabelMaker - WARNING - Skipping invalid barcode: A-199-COR
2025-01-25 13:09:49,136 - LabelMaker - WARNING - Skipping invalid barcode: A-214-COR-01-B4
2025-01-25 13:09:49,162 - LabelMaker - WARNING - Skipping invalid barcode: A-191-COR
2025-01-25 13:09:49,162 - LabelMaker - WARNING - Skipping invalid barcode: B-146-COR
2025-01-25 13:09:49,162 - LabelMaker - WARNING - Skipping invalid barcode: B-154-COR-01-B4
2025-01-25 13:09:49,210 - LabelMaker - WARNING - Skipping invalid barcode: A-192-COR
2025-01-25 13:09:49,210 - LabelMaker - WARNING - Skipping invalid barcode: A-193-COR
2025-01-25 13:09:49,210 - LabelMaker - WARNING - Skipping invalid barcode: A-232-COR-01-B4
2025-01-25 13:09:49,210 - LabelMaker - WARNING - Skipping invalid barcode: A-198-COR
2025-01-25 13:09:58,336 - LabelMaker - WARNING - Skipping invalid barcode: D-060-COR-01-A7
2025-01-25 13:09:58,337 - LabelMaker - WARNING - Skipping invalid barcode: D-034-COR-02-A7
2025-01-25 13:09:58,337 - LabelMaker - WARNING - Skipping invalid barcode: B-144-COR
2025-01-25 13:09:58,337 - LabelMaker - WARNING - Skipping invalid barcode: A-147-COR-01-B4
2025-01-25 13:09:58,337 - LabelMaker - WARNING - Skipping invalid barcode: R-008-COR-02-B4
2025-01-25 13:09:58,337 - LabelMaker - WARNING - Skipping invalid barcode: B-134-3PL-01-D6
2025-01-25 13:09:58,337 - LabelMaker - WARNING - Skipping invalid barcode: B-152-3PL
2025-01-25 13:09:58,338 - LabelMaker - WARNING - Skipping invalid barcode: B-135-3PL-01-D6
2025-01-25 13:09:58,338 - LabelMaker - WARNING - Skipping invalid barcode: A-225-3PL
2025-01-25 13:09:58,338 - LabelMaker - WARNING - Skipping invalid barcode: R-001-COR-01-D7
2025-01-25 13:09:58,338 - LabelMaker - WARNING - Skipping invalid barcode: R-008-COR-01-D7
2025-01-25 13:09:58,338 - LabelMaker - WARNING - Skipping invalid barcode: M-193-3PL-01-D5
2025-01-25 13:15:23,083 - LabelMaker - WARNING - Skipping invalid barcode: R-008-COR
2025-01-25 13:15:23,189 - LabelMaker - WARNING - Skipping invalid barcode: B-142-COR
2025-01-25 13:15:23,190 - LabelMaker - WARNING - Skipping invalid barcode: B-134-3PL
2025-01-25 13:15:23,190 - LabelMaker - WARNING - Skipping invalid barcode: B-141-COR
2025-01-25 13:15:23,190 - LabelMaker - WARNING - Skipping invalid barcode: B-143-COR
2025-01-25 13:15:23,190 - LabelMaker - WARNING - Skipping invalid barcode: B-135-3PL
2025-01-25 13:15:23,190 - LabelMaker - WARNING - Skipping invalid barcode: B-133-3PL
2025-01-25 13:15:23,190 - LabelMaker - WARNING - Skipping invalid barcode: B-140-COR
2025-01-25 13:15:24,382 - LabelMaker - WARNING - Skipping invalid barcode: C-049-GFT
2025-01-25 13:15:24,383 - LabelMaker - WARNING - Skipping invalid barcode: C-050-GFT
2025-01-25 13:15:24,771 - LabelMaker - WARNING - Skipping invalid barcode: R-009-COR-01-D7
2025-01-25 13:15:25,539 - LabelMaker - WARNING - Skipping invalid barcode: B-158-COR-01-B4
2025-01-25 13:15:25,564 - LabelMaker - WARNING - Skipping invalid barcode: B-153-COR-01-B4
2025-01-25 13:15:25,588 - LabelMaker - WARNING - Skipping invalid barcode: B-088-COR-01-B4
2025-01-25 13:15:25,615 - LabelMaker - WARNING - Skipping invalid barcode: A-199-COR
2025-01-25 13:15:25,615 - LabelMaker - WARNING - Skipping invalid barcode: A-214-COR-01-B4
2025-01-25 13:15:25,641 - LabelMaker - WARNING - Skipping invalid barcode: A-191-COR
2025-01-25 13:15:25,642 - LabelMaker - WARNING - Skipping invalid barcode: B-146-COR
2025-01-25 13:15:25,642 - LabelMaker - WARNING - Skipping invalid barcode: B-154-COR-01-B4
2025-01-25 13:15:25,696 - LabelMaker - WARNING - Skipping invalid barcode: A-192-COR
2025-01-25 13:15:25,696 - LabelMaker - WARNING - Skipping invalid barcode: A-193-COR
2025-01-25 13:15:25,696 - LabelMaker - WARNING - Skipping invalid barcode: A-232-COR-01-B4
2025-01-25 13:15:25,696 - LabelMaker - WARNING - Skipping invalid barcode: A-198-COR
2025-01-25 13:15:35,258 - LabelMaker - WARNING - Skipping invalid barcode: D-060-COR-01-A7
2025-01-25 13:15:35,258 - LabelMaker - WARNING - Skipping invalid barcode: D-034-COR-02-A7
2025-01-25 13:15:35,259 - LabelMaker - WARNING - Skipping invalid barcode: B-144-COR
2025-01-25 13:15:35,259 - LabelMaker - WARNING - Skipping invalid barcode: A-147-COR-01-B4
2025-01-25 13:15:35,259 - LabelMaker - WARNING - Skipping invalid barcode: R-008-COR-02-B4
2025-01-25 13:15:35,259 - LabelMaker - WARNING - Skipping invalid barcode: B-134-3PL-01-D6
2025-01-25 13:15:35,259 - LabelMaker - WARNING - Skipping invalid barcode: B-152-3PL
2025-01-25 13:15:35,259 - LabelMaker - WARNING - Skipping invalid barcode: B-135-3PL-01-D6
2025-01-25 13:15:35,260 - LabelMaker - WARNING - Skipping invalid barcode: A-225-3PL
2025-01-25 13:15:35,260 - LabelMaker - WARNING - Skipping invalid barcode: R-001-COR-01-D7
2025-01-25 13:15:35,260 - LabelMaker - WARNING - Skipping invalid barcode: R-008-COR-01-D7
2025-01-25 13:15:35,260 - LabelMaker - WARNING - Skipping invalid barcode: M-193-3PL-01-D5
2025-01-25 13:25:42,745 - LabelMaker - WARNING - Skipping invalid barcode: R-008-COR
2025-01-25 13:25:42,863 - LabelMaker - WARNING - Skipping invalid barcode: B-142-COR
2025-01-25 13:25:42,863 - LabelMaker - WARNING - Skipping invalid barcode: B-134-3PL
2025-01-25 13:25:42,863 - LabelMaker - WARNING - Skipping invalid barcode: B-141-COR
2025-01-25 13:25:42,863 - LabelMaker - WARNING - Skipping invalid barcode: B-143-COR
2025-01-25 13:25:42,863 - LabelMaker - WARNING - Skipping invalid barcode: B-135-3PL
2025-01-25 13:25:42,864 - LabelMaker - WARNING - Skipping invalid barcode: B-133-3PL
2025-01-25 13:25:42,864 - LabelMaker - WARNING - Skipping invalid barcode: B-140-COR
2025-01-25 13:25:44,052 - LabelMaker - WARNING - Skipping invalid barcode: C-049-GFT
2025-01-25 13:25:44,052 - LabelMaker - WARNING - Skipping invalid barcode: C-050-GFT
2025-01-25 13:25:44,419 - LabelMaker - WARNING - Skipping invalid barcode: R-009-COR-01-D7
2025-01-25 13:25:45,241 - LabelMaker - WARNING - Skipping invalid barcode: B-158-COR-01-B4
2025-01-25 13:25:45,264 - LabelMaker - WARNING - Skipping invalid barcode: B-153-COR-01-B4
2025-01-25 13:25:45,289 - LabelMaker - WARNING - Skipping invalid barcode: B-088-COR-01-B4
2025-01-25 13:25:45,314 - LabelMaker - WARNING - Skipping invalid barcode: A-199-COR
2025-01-25 13:25:45,314 - LabelMaker - WARNING - Skipping invalid barcode: A-214-COR-01-B4
2025-01-25 13:25:45,337 - LabelMaker - WARNING - Skipping invalid barcode: A-191-COR
2025-01-25 13:25:45,337 - LabelMaker - WARNING - Skipping invalid barcode: B-146-COR
2025-01-25 13:25:45,337 - LabelMaker - WARNING - Skipping invalid barcode: B-154-COR-01-B4
2025-01-25 13:25:45,390 - LabelMaker - WARNING - Skipping invalid barcode: A-192-COR
2025-01-25 13:25:45,390 - LabelMaker - WARNING - Skipping invalid barcode: A-193-COR
2025-01-25 13:25:45,390 - LabelMaker - WARNING - Skipping invalid barcode: A-232-COR-01-B4
2025-01-25 13:25:45,391 - LabelMaker - WARNING - Skipping invalid barcode: A-198-COR
2025-01-25 13:25:54,205 - LabelMaker - WARNING - Skipping invalid barcode: D-060-COR-01-A7
2025-01-25 13:25:54,206 - LabelMaker - WARNING - Skipping invalid barcode: D-034-COR-02-A7
2025-01-25 13:25:54,206 - LabelMaker - WARNING - Skipping invalid barcode: B-144-COR
2025-01-25 13:25:54,206 - LabelMaker - WARNING - Skipping invalid barcode: A-147-COR-01-B4
2025-01-25 13:25:54,206 - LabelMaker - WARNING - Skipping invalid barcode: R-008-COR-02-B4
2025-01-25 13:25:54,206 - LabelMaker - WARNING - Skipping invalid barcode: B-134-3PL-01-D6
2025-01-25 13:25:54,206 - LabelMaker - WARNING - Skipping invalid barcode: B-152-3PL
2025-01-25 13:25:54,207 - LabelMaker - WARNING - Skipping invalid barcode: B-135-3PL-01-D6
2025-01-25 13:25:54,207 - LabelMaker - WARNING - Skipping invalid barcode: A-225-3PL
2025-01-25 13:25:54,207 - LabelMaker - WARNING - Skipping invalid barcode: R-001-COR-01-D7
2025-01-25 13:25:54,207 - LabelMaker - WARNING - Skipping invalid barcode: R-008-COR-01-D7
2025-01-25 13:25:54,207 - LabelMaker - WARNING - Skipping invalid barcode: M-193-3PL-01-D5
2025-01-25 13:27:14,880 - LabelMaker - INFO - Application shutting down
2025-01-25 13:29:24,838 - LabelMaker - ERROR - Error processing CSV: 'Goods Barcode'
2025-01-25 13:31:10,991 - LabelMaker - ERROR - Error processing CSV: 'Goods Barcode'
2025-01-25 13:33:15,907 - LabelMaker - WARNING - Skipping invalid barcode: R-008-COR
2025-01-25 13:33:16,005 - LabelMaker - WARNING - Skipping invalid barcode: B-142-COR
2025-01-25 13:33:16,006 - LabelMaker - WARNING - Skipping invalid barcode: B-134-3PL
2025-01-25 13:33:16,006 - LabelMaker - WARNING - Skipping invalid barcode: B-141-COR
2025-01-25 13:33:16,006 - LabelMaker - WARNING - Skipping invalid barcode: B-143-COR
2025-01-25 13:33:16,006 - LabelMaker - WARNING - Skipping invalid barcode: B-135-3PL
2025-01-25 13:33:16,006 - LabelMaker - WARNING - Skipping invalid barcode: B-133-3PL
2025-01-25 13:33:16,006 - LabelMaker - WARNING - Skipping invalid barcode: B-140-COR
2025-01-25 13:33:17,129 - LabelMaker - WARNING - Skipping invalid barcode: C-049-GFT
2025-01-25 13:33:17,130 - LabelMaker - WARNING - Skipping invalid barcode: C-050-GFT
2025-01-25 13:33:17,476 - LabelMaker - WARNING - Skipping invalid barcode: R-009-COR-01-D7
2025-01-25 13:33:18,217 - LabelMaker - WARNING - Skipping invalid barcode: B-158-COR-01-B4
2025-01-25 13:33:18,241 - LabelMaker - WARNING - Skipping invalid barcode: B-153-COR-01-B4
2025-01-25 13:33:18,265 - LabelMaker - WARNING - Skipping invalid barcode: B-088-COR-01-B4
2025-01-25 13:33:18,291 - LabelMaker - WARNING - Skipping invalid barcode: A-199-COR
2025-01-25 13:33:18,291 - LabelMaker - WARNING - Skipping invalid barcode: A-214-COR-01-B4
2025-01-25 13:33:18,318 - LabelMaker - WARNING - Skipping invalid barcode: A-191-COR
2025-01-25 13:33:18,319 - LabelMaker - WARNING - Skipping invalid barcode: B-146-COR
2025-01-25 13:33:18,319 - LabelMaker - WARNING - Skipping invalid barcode: B-154-COR-01-B4
2025-01-25 13:33:18,374 - LabelMaker - WARNING - Skipping invalid barcode: A-192-COR
2025-01-25 13:33:18,374 - LabelMaker - WARNING - Skipping invalid barcode: A-193-COR
2025-01-25 13:33:18,374 - LabelMaker - WARNING - Skipping invalid barcode: A-232-COR-01-B4
2025-01-25 13:33:18,374 - LabelMaker - WARNING - Skipping invalid barcode: A-198-COR
2025-01-25 13:33:27,082 - LabelMaker - WARNING - Skipping invalid barcode: D-060-COR-01-A7
2025-01-25 13:33:27,082 - LabelMaker - WARNING - Skipping invalid barcode: D-034-COR-02-A7
2025-01-25 13:33:27,082 - LabelMaker - WARNING - Skipping invalid barcode: B-144-COR
2025-01-25 13:33:27,082 - LabelMaker - WARNING - Skipping invalid barcode: A-147-COR-01-B4
2025-01-25 13:33:27,083 - LabelMaker - WARNING - Skipping invalid barcode: R-008-COR-02-B4
2025-01-25 13:33:27,083 - LabelMaker - WARNING - Skipping invalid barcode: B-134-3PL-01-D6
2025-01-25 13:33:27,083 - LabelMaker - WARNING - Skipping invalid barcode: B-152-3PL
2025-01-25 13:33:27,083 - LabelMaker - WARNING - Skipping invalid barcode: B-135-3PL-01-D6
2025-01-25 13:33:27,083 - LabelMaker - WARNING - Skipping invalid barcode: A-225-3PL
2025-01-25 13:33:27,083 - LabelMaker - WARNING - Skipping invalid barcode: R-001-COR-01-D7
2025-01-25 13:33:27,084 - LabelMaker - WARNING - Skipping invalid barcode: R-008-COR-01-D7
2025-01-25 13:33:27,084 - LabelMaker - WARNING - Skipping invalid barcode: M-193-3PL-01-D5
2025-01-25 13:39:32,543 - LabelMaker - WARNING - Skipping invalid barcode: R-008-COR
2025-01-25 13:39:32,648 - LabelMaker - WARNING - Skipping invalid barcode: B-142-COR
2025-01-25 13:39:32,648 - LabelMaker - WARNING - Skipping invalid barcode: B-134-3PL
2025-01-25 13:39:32,648 - LabelMaker - WARNING - Skipping invalid barcode: B-141-COR
2025-01-25 13:39:32,648 - LabelMaker - WARNING - Skipping invalid barcode: B-143-COR
2025-01-25 13:39:32,648 - LabelMaker - WARNING - Skipping invalid barcode: B-135-3PL
2025-01-25 13:39:32,648 - LabelMaker - WARNING - Skipping invalid barcode: B-133-3PL
2025-01-25 13:39:32,649 - LabelMaker - WARNING - Skipping invalid barcode: B-140-COR
2025-01-25 13:39:33,795 - LabelMaker - WARNING - Skipping invalid barcode: C-049-GFT
2025-01-25 13:39:33,795 - LabelMaker - WARNING - Skipping invalid barcode: C-050-GFT
2025-01-25 13:39:34,152 - LabelMaker - WARNING - Skipping invalid barcode: R-009-COR-01-D7
2025-01-25 13:39:34,904 - LabelMaker - WARNING - Skipping invalid barcode: B-158-COR-01-B4
2025-01-25 13:39:34,928 - LabelMaker - WARNING - Skipping invalid barcode: B-153-COR-01-B4
2025-01-25 13:39:34,952 - LabelMaker - WARNING - Skipping invalid barcode: B-088-COR-01-B4
2025-01-25 13:39:34,976 - LabelMaker - WARNING - Skipping invalid barcode: A-199-COR
2025-01-25 13:39:34,977 - LabelMaker - WARNING - Skipping invalid barcode: A-214-COR-01-B4
2025-01-25 13:39:34,999 - LabelMaker - WARNING - Skipping invalid barcode: A-191-COR
2025-01-25 13:39:35,000 - LabelMaker - WARNING - Skipping invalid barcode: B-146-COR
2025-01-25 13:39:35,000 - LabelMaker - WARNING - Skipping invalid barcode: B-154-COR-01-B4
2025-01-25 13:39:35,051 - LabelMaker - WARNING - Skipping invalid barcode: A-192-COR
2025-01-25 13:39:35,051 - LabelMaker - WARNING - Skipping invalid barcode: A-193-COR
2025-01-25 13:39:35,051 - LabelMaker - WARNING - Skipping invalid barcode: A-232-COR-01-B4
2025-01-25 13:39:35,052 - LabelMaker - WARNING - Skipping invalid barcode: A-198-COR
2025-01-25 13:39:44,226 - LabelMaker - WARNING - Skipping invalid barcode: D-060-COR-01-A7
2025-01-25 13:39:44,226 - LabelMaker - WARNING - Skipping invalid barcode: D-034-COR-02-A7
2025-01-25 13:39:44,226 - LabelMaker - WARNING - Skipping invalid barcode: B-144-COR
2025-01-25 13:39:44,227 - LabelMaker - WARNING - Skipping invalid barcode: A-147-COR-01-B4
2025-01-25 13:39:44,227 - LabelMaker - WARNING - Skipping invalid barcode: R-008-COR-02-B4
2025-01-25 13:39:44,227 - LabelMaker - WARNING - Skipping invalid barcode: B-134-3PL-01-D6
2025-01-25 13:39:44,227 - LabelMaker - WARNING - Skipping invalid barcode: B-152-3PL
2025-01-25 13:39:44,227 - LabelMaker - WARNING - Skipping invalid barcode: B-135-3PL-01-D6
2025-01-25 13:39:44,227 - LabelMaker - WARNING - Skipping invalid barcode: A-225-3PL
2025-01-25 13:39:44,227 - LabelMaker - WARNING - Skipping invalid barcode: R-001-COR-01-D7
2025-01-25 13:39:44,228 - LabelMaker - WARNING - Skipping invalid barcode: R-008-COR-01-D7
2025-01-25 13:39:44,228 - LabelMaker - WARNING - Skipping invalid barcode: M-193-3PL-01-D5
2025-01-25 13:40:24,718 - LabelMaker - INFO - Application shutting down
2025-01-25 13:41:25,357 - LabelMaker - WARNING - Skipping invalid barcode: R-008-COR
2025-01-25 13:41:25,460 - LabelMaker - WARNING - Skipping invalid barcode: B-142-COR
2025-01-25 13:41:25,460 - LabelMaker - WARNING - Skipping invalid barcode: B-134-3PL
2025-01-25 13:41:25,460 - LabelMaker - WARNING - Skipping invalid barcode: B-141-COR
2025-01-25 13:41:25,461 - LabelMaker - WARNING - Skipping invalid barcode: B-143-COR
2025-01-25 13:41:25,461 - LabelMaker - WARNING - Skipping invalid barcode: B-135-3PL
2025-01-25 13:41:25,461 - LabelMaker - WARNING - Skipping invalid barcode: B-133-3PL
2025-01-25 13:41:25,461 - LabelMaker - WARNING - Skipping invalid barcode: B-140-COR
2025-01-25 13:41:26,576 - LabelMaker - WARNING - Skipping invalid barcode: C-049-GFT
2025-01-25 13:41:26,577 - LabelMaker - WARNING - Skipping invalid barcode: C-050-GFT
2025-01-25 13:41:26,901 - LabelMaker - WARNING - Skipping invalid barcode: R-009-COR-01-D7
2025-01-25 13:41:27,678 - LabelMaker - WARNING - Skipping invalid barcode: B-158-COR-01-B4
2025-01-25 13:41:27,703 - LabelMaker - WARNING - Skipping invalid barcode: B-153-COR-01-B4
2025-01-25 13:41:27,728 - LabelMaker - WARNING - Skipping invalid barcode: B-088-COR-01-B4
2025-01-25 13:41:27,751 - LabelMaker - WARNING - Skipping invalid barcode: A-199-COR
2025-01-25 13:41:27,751 - LabelMaker - WARNING - Skipping invalid barcode: A-214-COR-01-B4
2025-01-25 13:41:27,775 - LabelMaker - WARNING - Skipping invalid barcode: A-191-COR
2025-01-25 13:41:27,775 - LabelMaker - WARNING - Skipping invalid barcode: B-146-COR
2025-01-25 13:41:27,775 - LabelMaker - WARNING - Skipping invalid barcode: B-154-COR-01-B4
2025-01-25 13:41:27,826 - LabelMaker - WARNING - Skipping invalid barcode: A-192-COR
2025-01-25 13:41:27,826 - LabelMaker - WARNING - Skipping invalid barcode: A-193-COR
2025-01-25 13:41:27,826 - LabelMaker - WARNING - Skipping invalid barcode: A-232-COR-01-B4
2025-01-25 13:41:27,826 - LabelMaker - WARNING - Skipping invalid barcode: A-198-COR
2025-01-25 13:41:36,497 - LabelMaker - WARNING - Skipping invalid barcode: D-060-COR-01-A7
2025-01-25 13:41:36,497 - LabelMaker - WARNING - Skipping invalid barcode: D-034-COR-02-A7
2025-01-25 13:41:36,497 - LabelMaker - WARNING - Skipping invalid barcode: B-144-COR
2025-01-25 13:41:36,497 - LabelMaker - WARNING - Skipping invalid barcode: A-147-COR-01-B4
2025-01-25 13:41:36,497 - LabelMaker - WARNING - Skipping invalid barcode: R-008-COR-02-B4
2025-01-25 13:41:36,498 - LabelMaker - WARNING - Skipping invalid barcode: B-134-3PL-01-D6
2025-01-25 13:41:36,498 - LabelMaker - WARNING - Skipping invalid barcode: B-152-3PL
2025-01-25 13:41:36,498 - LabelMaker - WARNING - Skipping invalid barcode: B-135-3PL-01-D6
2025-01-25 13:41:36,498 - LabelMaker - WARNING - Skipping invalid barcode: A-225-3PL
2025-01-25 13:41:36,498 - LabelMaker - WARNING - Skipping invalid barcode: R-001-COR-01-D7
2025-01-25 13:41:36,498 - LabelMaker - WARNING - Skipping invalid barcode: R-008-COR-01-D7
2025-01-25 13:41:36,498 - LabelMaker - WARNING - Skipping invalid barcode: M-193-3PL-01-D5
2025-01-25 13:43:41,984 - LabelMaker - INFO - Application shutting down
2025-01-25 13:44:08,803 - LabelMaker - WARNING - Skipping invalid barcode: R-008-COR
2025-01-25 13:44:08,907 - LabelMaker - WARNING - Skipping invalid barcode: B-142-COR
2025-01-25 13:44:08,907 - LabelMaker - WARNING - Skipping invalid barcode: B-134-3PL
2025-01-25 13:44:08,907 - LabelMaker - WARNING - Skipping invalid barcode: B-141-COR
2025-01-25 13:44:08,907 - LabelMaker - WARNING - Skipping invalid barcode: B-143-COR
2025-01-25 13:44:08,907 - LabelMaker - WARNING - Skipping invalid barcode: B-135-3PL
2025-01-25 13:44:08,908 - LabelMaker - WARNING - Skipping invalid barcode: B-133-3PL
2025-01-25 13:44:08,908 - LabelMaker - WARNING - Skipping invalid barcode: B-140-COR
2025-01-25 13:44:09,988 - LabelMaker - WARNING - Skipping invalid barcode: C-049-GFT
2025-01-25 13:44:09,988 - LabelMaker - WARNING - Skipping invalid barcode: C-050-GFT
2025-01-25 13:44:10,327 - LabelMaker - WARNING - Skipping invalid barcode: R-009-COR-01-D7
2025-01-25 13:44:11,081 - LabelMaker - WARNING - Skipping invalid barcode: B-158-COR-01-B4
2025-01-25 13:44:11,104 - LabelMaker - WARNING - Skipping invalid barcode: B-153-COR-01-B4
2025-01-25 13:44:11,130 - LabelMaker - WARNING - Skipping invalid barcode: B-088-COR-01-B4
2025-01-25 13:44:11,167 - LabelMaker - WARNING - Skipping invalid barcode: A-199-COR
2025-01-25 13:44:11,167 - LabelMaker - WARNING - Skipping invalid barcode: A-214-COR-01-B4
2025-01-25 13:44:11,192 - LabelMaker - WARNING - Skipping invalid barcode: A-191-COR
2025-01-25 13:44:11,192 - LabelMaker - WARNING - Skipping invalid barcode: B-146-COR
2025-01-25 13:44:11,192 - LabelMaker - WARNING - Skipping invalid barcode: B-154-COR-01-B4
2025-01-25 13:44:11,244 - LabelMaker - WARNING - Skipping invalid barcode: A-192-COR
2025-01-25 13:44:11,244 - LabelMaker - WARNING - Skipping invalid barcode: A-193-COR
2025-01-25 13:44:11,245 - LabelMaker - WARNING - Skipping invalid barcode: A-232-COR-01-B4
2025-01-25 13:44:11,245 - LabelMaker - WARNING - Skipping invalid barcode: A-198-COR
2025-01-25 13:44:19,889 - LabelMaker - WARNING - Skipping invalid barcode: D-060-COR-01-A7
2025-01-25 13:44:19,889 - LabelMaker - WARNING - Skipping invalid barcode: D-034-COR-02-A7
2025-01-25 13:44:19,889 - LabelMaker - WARNING - Skipping invalid barcode: B-144-COR
2025-01-25 13:44:19,890 - LabelMaker - WARNING - Skipping invalid barcode: A-147-COR-01-B4
2025-01-25 13:44:19,890 - LabelMaker - WARNING - Skipping invalid barcode: R-008-COR-02-B4
2025-01-25 13:44:19,890 - LabelMaker - WARNING - Skipping invalid barcode: B-134-3PL-01-D6
2025-01-25 13:44:19,890 - LabelMaker - WARNING - Skipping invalid barcode: B-152-3PL
2025-01-25 13:44:19,890 - LabelMaker - WARNING - Skipping invalid barcode: B-135-3PL-01-D6
2025-01-25 13:44:19,890 - LabelMaker - WARNING - Skipping invalid barcode: A-225-3PL
2025-01-25 13:44:19,890 - LabelMaker - WARNING - Skipping invalid barcode: R-001-COR-01-D7
2025-01-25 13:44:19,891 - LabelMaker - WARNING - Skipping invalid barcode: R-008-COR-01-D7
2025-01-25 13:44:19,891 - LabelMaker - WARNING - Skipping invalid barcode: M-193-3PL-01-D5
2025-01-25 13:58:28,457 - LabelMaker - INFO - Application shutting down
2025-01-25 14:08:48,320 - LabelMaker - INFO - Application shutting down
2025-01-25 14:09:12,618 - LabelMaker - INFO - Application shutting down
2025-01-25 14:10:22,899 - LabelMaker - INFO - Application shutting down
2025-01-25 14:10:32,730 - LabelMaker - INFO - Application shutting down
